<?xml version="1.0" encoding="UTF-8"?>
<testsuite xmlns:xsi="http://www.w3.org/2001/XMLSchema-instance" xsi:noNamespaceSchemaLocation="https://maven.apache.org/surefire/maven-surefire-plugin/xsd/surefire-test-report.xsd" name="io.swagger.service.CommentServiceTest" time="0.063" tests="4" errors="0" skipped="0" failures="0">
  <properties>
[...]
</properties>
  <testcase name="updateComment_WithValidData_ShouldUpdateComment" classname="io.swagger.service.CommentServiceTest" time="0.058"/>
  <testcase name="getCommentById_WhenExists_ShouldReturnComment" classname="io.swagger.service.CommentServiceTest" time="0.001"/>
  <testcase name="deleteComment_WhenExists_ShouldDeleteComment" classname="io.swagger.service.CommentServiceTest" time="0.002"/>
  <testcase name="createComment_WithValidData_ShouldReturnSavedComment" classname="io.swagger.service.CommentServiceTest" time="0.001"/>
</testsuite>